<?xml version="1.0" encoding="UTF-8"?>
<!-- Generated by org.testng.reporters.JUnitReportReporter -->
<testsuite hostname="Gurukrupa" failures="0" tests="3" name="testpackage.Testclassb" time="0.050" errors="0" timestamp="2022-09-07T16:14:34 IST" skipped="0">
  <testcase classname="testpackage.Testclassb" name="testC" time="0.004"/>
  <system-out/>
  <testcase classname="testpackage.Testclassb" name="testA" time="0.012"/>
  <system-out/>
  <testcase classname="testpackage.Testclassb" name="testB" time="0.034"/>
  <system-out/>
</testsuite> <!-- testpackage.Testclassb -->
